
Time: 20/1/2026, 6:16:30 pm
Platform: win32
CPU Cores: 12
Total Memory: 16067.44 MB
Free Memory: 3931.91 MB
-------------------------

Time: 20/1/2026, 6:16:35 pm
Platform: win32
CPU Cores: 12
Total Memory: 16067.44 MB
Free Memory: 3859.77 MB
-------------------------

Time: 20/1/2026, 6:16:40 pm
Platform: win32
CPU Cores: 12
Total Memory: 16067.44 MB
Free Memory: 3862.69 MB
-------------------------

Time: 20/1/2026, 6:16:46 pm
Platform: win32
CPU Cores: 12
Total Memory: 16067.44 MB
Free Memory: 3922.16 MB
-------------------------

Time: 20/1/2026, 6:16:51 pm
Platform: win32
CPU Cores: 12
Total Memory: 16067.44 MB
Free Memory: 3880.17 MB
-------------------------

Time: 20/1/2026, 6:16:56 pm
Platform: win32
CPU Cores: 12
Total Memory: 16067.44 MB
Free Memory: 3864.27 MB
-------------------------

Time: 20/1/2026, 6:17:01 pm
Platform: win32
CPU Cores: 12
Total Memory: 16067.44 MB
Free Memory: 3820.11 MB
-------------------------

Time: 20/1/2026, 6:17:06 pm
Platform: win32
CPU Cores: 12
Total Memory: 16067.44 MB
Free Memory: 3899.48 MB
-------------------------

Time: 20/1/2026, 6:17:11 pm
Platform: win32
CPU Cores: 12
Total Memory: 16067.44 MB
Free Memory: 3876.69 MB
-------------------------

Time: 20/1/2026, 6:17:16 pm
Platform: win32
CPU Cores: 12
Total Memory: 16067.44 MB
Free Memory: 3929.21 MB
-------------------------

Time: 20/1/2026, 6:17:21 pm
Platform: win32
CPU Cores: 12
Total Memory: 16067.44 MB
Free Memory: 3944.23 MB
-------------------------

Time: 20/1/2026, 6:17:26 pm
Platform: win32
CPU Cores: 12
Total Memory: 16067.44 MB
Free Memory: 3904.93 MB
-------------------------

Time: 20/1/2026, 6:17:31 pm
Platform: win32
CPU Cores: 12
Total Memory: 16067.44 MB
Free Memory: 3815.61 MB
-------------------------

Time: 20/1/2026, 6:17:36 pm
Platform: win32
CPU Cores: 12
Total Memory: 16067.44 MB
Free Memory: 3847.42 MB
-------------------------

Time: 20/1/2026, 6:17:41 pm
Platform: win32
CPU Cores: 12
Total Memory: 16067.44 MB
Free Memory: 3941.52 MB
-------------------------

Time: 20/1/2026, 6:17:46 pm
Platform: win32
CPU Cores: 12
Total Memory: 16067.44 MB
Free Memory: 3687.60 MB
-------------------------

Time: 20/1/2026, 6:17:51 pm
Platform: win32
CPU Cores: 12
Total Memory: 16067.44 MB
Free Memory: 3681.47 MB
-------------------------

Time: 20/1/2026, 6:17:56 pm
Platform: win32
CPU Cores: 12
Total Memory: 16067.44 MB
Free Memory: 3720.36 MB
-------------------------

Time: 20/1/2026, 6:18:01 pm
Platform: win32
CPU Cores: 12
Total Memory: 16067.44 MB
Free Memory: 3730.87 MB
-------------------------

Time: 20/1/2026, 6:18:06 pm
Platform: win32
CPU Cores: 12
Total Memory: 16067.44 MB
Free Memory: 3718.00 MB
-------------------------

Time: 20/1/2026, 6:18:11 pm
Platform: win32
CPU Cores: 12
Total Memory: 16067.44 MB
Free Memory: 3699.96 MB
-------------------------

Time: 20/1/2026, 6:18:16 pm
Platform: win32
CPU Cores: 12
Total Memory: 16067.44 MB
Free Memory: 3698.57 MB
-------------------------

Time: 20/1/2026, 6:18:21 pm
Platform: win32
CPU Cores: 12
Total Memory: 16067.44 MB
Free Memory: 3680.82 MB
-------------------------

Time: 20/1/2026, 6:18:26 pm
Platform: win32
CPU Cores: 12
Total Memory: 16067.44 MB
Free Memory: 3715.37 MB
-------------------------

Time: 20/1/2026, 6:18:31 pm
Platform: win32
CPU Cores: 12
Total Memory: 16067.44 MB
Free Memory: 3741.36 MB
-------------------------

Time: 20/1/2026, 6:18:36 pm
Platform: win32
CPU Cores: 12
Total Memory: 16067.44 MB
Free Memory: 3760.75 MB
-------------------------

Time: 20/1/2026, 6:18:41 pm
Platform: win32
CPU Cores: 12
Total Memory: 16067.44 MB
Free Memory: 3796.32 MB
-------------------------

Time: 20/1/2026, 6:18:46 pm
Platform: win32
CPU Cores: 12
Total Memory: 16067.44 MB
Free Memory: 3791.49 MB
-------------------------

Time: 20/1/2026, 6:18:51 pm
Platform: win32
CPU Cores: 12
Total Memory: 16067.44 MB
Free Memory: 3807.93 MB
-------------------------

Time: 20/1/2026, 6:18:56 pm
Platform: win32
CPU Cores: 12
Total Memory: 16067.44 MB
Free Memory: 3915.04 MB
-------------------------

Time: 20/1/2026, 6:19:01 pm
Platform: win32
CPU Cores: 12
Total Memory: 16067.44 MB
Free Memory: 3816.88 MB
-------------------------

Time: 20/1/2026, 6:19:06 pm
Platform: win32
CPU Cores: 12
Total Memory: 16067.44 MB
Free Memory: 3800.78 MB
-------------------------

Time: 20/1/2026, 6:19:11 pm
Platform: win32
CPU Cores: 12
Total Memory: 16067.44 MB
Free Memory: 3854.13 MB
-------------------------

Time: 20/1/2026, 6:19:16 pm
Platform: win32
CPU Cores: 12
Total Memory: 16067.44 MB
Free Memory: 3841.68 MB
-------------------------

Time: 20/1/2026, 6:19:21 pm
Platform: win32
CPU Cores: 12
Total Memory: 16067.44 MB
Free Memory: 3844.93 MB
-------------------------

Time: 20/1/2026, 6:19:26 pm
Platform: win32
CPU Cores: 12
Total Memory: 16067.44 MB
Free Memory: 3847.30 MB
-------------------------

Time: 20/1/2026, 6:19:31 pm
Platform: win32
CPU Cores: 12
Total Memory: 16067.44 MB
Free Memory: 3865.27 MB
-------------------------

Time: 20/1/2026, 6:19:36 pm
Platform: win32
CPU Cores: 12
Total Memory: 16067.44 MB
Free Memory: 3965.15 MB
-------------------------

Time: 20/1/2026, 6:19:41 pm
Platform: win32
CPU Cores: 12
Total Memory: 16067.44 MB
Free Memory: 3890.69 MB
-------------------------

Time: 20/1/2026, 6:19:46 pm
Platform: win32
CPU Cores: 12
Total Memory: 16067.44 MB
Free Memory: 3778.00 MB
-------------------------

Time: 20/1/2026, 6:19:51 pm
Platform: win32
CPU Cores: 12
Total Memory: 16067.44 MB
Free Memory: 3776.86 MB
-------------------------
